2025-08-06 03:38:58,672 INFO: Zyad Casino Startup [in C:\Users\Zyad\Desktop\Zyad-Casino\app.py:115]
2025-08-06 03:39:10,730 INFO: Zyad Casino Startup [in C:\Users\Zyad\Desktop\Zyad-Casino\app.py:115]
2025-08-06 03:40:18,307 INFO: Zyad Casino Startup [in C:\Users\Zyad\Desktop\Zyad-Casino\app.py:115]
2025-08-06 03:40:39,945 INFO: Zyad Casino Startup [in C:\Users\Zyad\Desktop\Zyad-Casino\app.py:115]
2025-08-06 03:42:05,961 INFO: Zyad Casino Startup [in C:\Users\Zyad\Desktop\Zyad-Casino\app.py:115]
2025-08-06 03:43:02,102 INFO: Zyad Casino Startup [in C:\Users\Zyad\Desktop\Zyad-Casino\app.py:115]
2025-08-06 03:43:10,197 INFO: Zyad Casino Startup [in C:\Users\Zyad\Desktop\Zyad-Casino\app.py:115]
2025-08-06 04:50:56,074 INFO: Zyad Casino Startup [in C:\Users\Zyad\Desktop\Zyad-Casino\app.py:57]
2025-08-06 04:50:56,097 INFO: Starting Zyad Casino Application [in C:\Users\Zyad\Desktop\Zyad-Casino\app.py:58]
2025-08-06 04:50:56,098 INFO: Debug mode: True [in C:\Users\Zyad\Desktop\Zyad-Casino\app.py:59]
2025-08-06 04:50:56,098 INFO: SSL enabled: False [in C:\Users\Zyad\Desktop\Zyad-Casino\app.py:60]
2025-08-06 04:50:56,099 INFO: Allowed origins: ['http://localhost:3000'] [in C:\Users\Zyad\Desktop\Zyad-Casino\app.py:61]
2025-08-06 04:50:56,099 INFO: Database URL: postgresql://postgres:<password>@localhost:5432/casino_db [in C:\Users\Zyad\Desktop\Zyad-Casino\app.py:62]
2025-08-06 04:50:56,099 INFO: Host: 127.0.0.1, Port: 5000 [in C:\Users\Zyad\Desktop\Zyad-Casino\app.py:63]
2025-08-06 04:50:56,100 INFO: Loading environment variables from .env file [in C:\Users\Zyad\Desktop\Zyad-Casino\app.py:64]
2025-08-06 04:50:56,102 INFO: Configuring Flask application [in C:\Users\Zyad\Desktop\Zyad-Casino\app.py:65]
2025-08-06 04:50:56,104 INFO: Setting up CORS and security middlewares [in C:\Users\Zyad\Desktop\Zyad-Casino\app.py:66]
2025-08-06 04:50:56,105 INFO: Registering extensions and blueprints [in C:\Users\Zyad\Desktop\Zyad-Casino\app.py:67]
2025-08-06 04:50:56,106 INFO: Initializing database and migrations [in C:\Users\Zyad\Desktop\Zyad-Casino\app.py:68]
2025-08-06 04:50:56,111 INFO: Zyad Casino Application started successfully [in C:\Users\Zyad\Desktop\Zyad-Casino\app.py:69]
2025-08-06 04:50:56,113 INFO: Zyad Casino Application is running [in C:\Users\Zyad\Desktop\Zyad-Casino\app.py:70]
2025-08-06 04:51:02,244 INFO: Zyad Casino Startup [in C:\Users\Zyad\Desktop\Zyad-Casino\app.py:165]
2025-08-06 04:51:02,244 INFO: Zyad Casino Startup [in C:\Users\Zyad\Desktop\Zyad-Casino\app.py:165]
2025-08-06 04:51:38,321 INFO: Zyad Casino Startup [in C:\Users\Zyad\Desktop\Zyad-Casino\app.py:57]
2025-08-06 04:51:38,321 INFO: Starting Zyad Casino Application [in C:\Users\Zyad\Desktop\Zyad-Casino\app.py:58]
2025-08-06 04:51:38,321 INFO: Debug mode: True [in C:\Users\Zyad\Desktop\Zyad-Casino\app.py:59]
2025-08-06 04:51:38,322 INFO: SSL enabled: False [in C:\Users\Zyad\Desktop\Zyad-Casino\app.py:60]
2025-08-06 04:51:38,322 INFO: Allowed origins: ['http://localhost:3000'] [in C:\Users\Zyad\Desktop\Zyad-Casino\app.py:61]
2025-08-06 04:51:38,322 INFO: Database URL: postgresql://postgres:<password>@localhost:5432/casino_db [in C:\Users\Zyad\Desktop\Zyad-Casino\app.py:62]
2025-08-06 04:51:38,322 INFO: Host: 127.0.0.1, Port: 5000 [in C:\Users\Zyad\Desktop\Zyad-Casino\app.py:63]
2025-08-06 04:51:38,323 INFO: Loading environment variables from .env file [in C:\Users\Zyad\Desktop\Zyad-Casino\app.py:64]
2025-08-06 04:51:38,323 INFO: Configuring Flask application [in C:\Users\Zyad\Desktop\Zyad-Casino\app.py:65]
2025-08-06 04:51:38,324 INFO: Setting up CORS and security middlewares [in C:\Users\Zyad\Desktop\Zyad-Casino\app.py:66]
2025-08-06 04:51:38,324 INFO: Registering extensions and blueprints [in C:\Users\Zyad\Desktop\Zyad-Casino\app.py:67]
2025-08-06 04:51:38,325 INFO: Initializing database and migrations [in C:\Users\Zyad\Desktop\Zyad-Casino\app.py:68]
2025-08-06 04:51:38,354 INFO: Zyad Casino Application started successfully [in C:\Users\Zyad\Desktop\Zyad-Casino\app.py:69]
2025-08-06 04:51:38,355 INFO: Zyad Casino Application is running [in C:\Users\Zyad\Desktop\Zyad-Casino\app.py:70]
2025-08-06 04:51:38,950 INFO: Zyad Casino Startup [in C:\Users\Zyad\Desktop\Zyad-Casino\app.py:165]
2025-08-06 04:51:38,950 INFO: Zyad Casino Startup [in C:\Users\Zyad\Desktop\Zyad-Casino\app.py:165]
